<?xml version="1.0" encoding="UTF-8"?>
<!-- Generated by org.testng.reporters.JUnitReportReporter -->
<testsuite hostname="deepthi-PC" name="myPack.SecondBuild" tests="2" failures="0" timestamp="2 Jul 2019 10:09:46 GMT" time="0.000" errors="0">
  <testcase name="verigyLogout" time="0.000" classname="myPack.SecondBuild"/>
  <testcase name="verigyLogin" time="0.000" classname="myPack.SecondBuild"/>
</testsuite> <!-- myPack.SecondBuild -->
