<?xml version="1.0" encoding="UTF-8"?>
<!-- Generated by org.testng.reporters.JUnitReportReporter -->
<testsuite hostname="deepthi-PC" name="myPack.Deepti" tests="2" failures="0" timestamp="2 Jul 2019 10:09:46 GMT" time="72.571" errors="0">
  <testcase name="verifyLogin" time="8.390" classname="myPack.Deepti"/>
  <testcase name="addEmployee" time="64.181" classname="myPack.Deepti"/>
</testsuite> <!-- myPack.Deepti -->
