<?xml version="1.0" encoding="UTF-8"?>
<!-- Generated by org.testng.reporters.JUnitReportReporter -->
<testsuite hostname="deepthi-PC" name="secondPack.FirstBuild" tests="1" failures="0" timestamp="2 Jul 2019 10:09:46 GMT" time="0.000" errors="0">
  <testcase name="vL" time="0.000" classname="secondPack.FirstBuild"/>
</testsuite> <!-- secondPack.FirstBuild -->
